{"D:\\Faishal\\Hacktiv8\\P2\\Week 3\\Hari ke 1\\ip-AhmadFaishalHidayat\\server\\app.js": {"path":"D:\\Faishal\\Hacktiv8\\P2\\Week 3\\Hari ke 1\\ip-AhmadFaishalHidayat\\server\\app.js","statementMap":{"0":{"start":{"line":1,"column":0},"end":{"line":3,"column":1}},"1":{"start":{"line":2,"column":4},"end":{"line":2,"column":30}},"2":{"start":{"line":4,"column":21},"end":{"line":4,"column":56}},"3":{"start":{"line":5,"column":16},"end":{"line":5,"column":34}},"4":{"start":{"line":6,"column":12},"end":{"line":6,"column":21}},"5":{"start":{"line":7,"column":13},"end":{"line":7,"column":28}},"6":{"start":{"line":9,"column":0},"end":{"line":9,"column":46}},"7":{"start":{"line":10,"column":0},"end":{"line":10,"column":23}},"8":{"start":{"line":11,"column":0},"end":{"line":11,"column":15}},"9":{"start":{"line":13,"column":0},"end":{"line":13,"column":40}},"10":{"start":{"line":14,"column":0},"end":{"line":14,"column":21}},"11":{"start":{"line":16,"column":0},"end":{"line":16,"column":20}}},"fnMap":{},"branchMap":{"0":{"loc":{"start":{"line":1,"column":0},"end":{"line":3,"column":1}},"type":"if","locations":[{"start":{"line":1,"column":0},"end":{"line":3,"column":1}},{"start":{},"end":{}}],"line":1}},"s":{"0":2,"1":2,"2":2,"3":2,"4":2,"5":2,"6":2,"7":2,"8":2,"9":2,"10":2,"11":2},"f":{},"b":{"0":[2,0]},"_coverageSchema":"1a1c01bbd47fc00a2c39e90264f33305004495a9","hash":"8c0cda229e771beced90fa6b883786cb3e6f44ea"}
,"D:\\Faishal\\Hacktiv8\\P2\\Week 3\\Hari ke 1\\ip-AhmadFaishalHidayat\\server\\controllers\\Controller.js": {"path":"D:\\Faishal\\Hacktiv8\\P2\\Week 3\\Hari ke 1\\ip-AhmadFaishalHidayat\\server\\controllers\\Controller.js","statementMap":{"0":{"start":{"line":2,"column":18},"end":{"line":2,"column":38}},"1":{"start":{"line":3,"column":23},"end":{"line":3,"column":43}},"2":{"start":{"line":4,"column":15},"end":{"line":4,"column":43}},"3":{"start":{"line":6,"column":0},"end":{"line":161,"column":68}},"4":{"start":{"line":9,"column":8},"end":{"line":20,"column":9}},"5":{"start":{"line":10,"column":35},"end":{"line":10,"column":43}},"6":{"start":{"line":12,"column":23},"end":{"line":12,"column":77}},"7":{"start":{"line":14,"column":12},"end":{"line":17,"column":14}},"8":{"start":{"line":19,"column":12},"end":{"line":19,"column":23}},"9":{"start":{"line":24,"column":8},"end":{"line":43,"column":9}},"10":{"start":{"line":25,"column":23},"end":{"line":35,"column":14}},"11":{"start":{"line":37,"column":12},"end":{"line":40,"column":14}},"12":{"start":{"line":42,"column":12},"end":{"line":42,"column":23}},"13":{"start":{"line":47,"column":8},"end":{"line":72,"column":9}},"14":{"start":{"line":48,"column":32},"end":{"line":48,"column":93}},"15":{"start":{"line":49,"column":23},"end":{"line":64,"column":14}},"16":{"start":{"line":66,"column":12},"end":{"line":69,"column":14}},"17":{"start":{"line":71,"column":12},"end":{"line":71,"column":23}},"18":{"start":{"line":76,"column":8},"end":{"line":84,"column":9}},"19":{"start":{"line":77,"column":27},"end":{"line":77,"column":37}},"20":{"start":{"line":79,"column":23},"end":{"line":79,"column":46}},"21":{"start":{"line":81,"column":12},"end":{"line":81,"column":38}},"22":{"start":{"line":83,"column":12},"end":{"line":83,"column":23}},"23":{"start":{"line":88,"column":8},"end":{"line":115,"column":9}},"24":{"start":{"line":90,"column":35},"end":{"line":90,"column":43}},"25":{"start":{"line":91,"column":27},"end":{"line":91,"column":37}},"26":{"start":{"line":93,"column":23},"end":{"line":93,"column":46}},"27":{"start":{"line":94,"column":32},"end":{"line":94,"column":86}},"28":{"start":{"line":95,"column":12},"end":{"line":97,"column":13}},"29":{"start":{"line":96,"column":16},"end":{"line":96,"column":42}},"30":{"start":{"line":99,"column":42},"end":{"line":107,"column":13}},"31":{"start":{"line":108,"column":32},"end":{"line":108,"column":98}},"32":{"start":{"line":109,"column":12},"end":{"line":111,"column":14}},"33":{"start":{"line":113,"column":32},"end":{"line":113,"column":89}},"34":{"start":{"line":114,"column":12},"end":{"line":114,"column":23}},"35":{"start":{"line":119,"column":8},"end":{"line":138,"column":9}},"36":{"start":{"line":120,"column":27},"end":{"line":120,"column":37}},"37":{"start":{"line":122,"column":23},"end":{"line":122,"column":46}},"38":{"start":{"line":124,"column":12},"end":{"line":126,"column":13}},"39":{"start":{"line":125,"column":16},"end":{"line":125,"column":42}},"40":{"start":{"line":128,"column":12},"end":{"line":132,"column":14}},"41":{"start":{"line":133,"column":12},"end":{"line":135,"column":15}},"42":{"start":{"line":137,"column":12},"end":{"line":137,"column":23}},"43":{"start":{"line":142,"column":8},"end":{"line":152,"column":9}},"44":{"start":{"line":143,"column":29},"end":{"line":143,"column":37}},"45":{"start":{"line":146,"column":28},"end":{"line":146,"column":48}},"46":{"start":{"line":147,"column":32},"end":{"line":147,"column":89}},"47":{"start":{"line":148,"column":12},"end":{"line":148,"column":31}},"48":{"start":{"line":150,"column":32},"end":{"line":150,"column":89}},"49":{"start":{"line":151,"column":12},"end":{"line":151,"column":23}},"50":{"start":{"line":161,"column":85},"end":{"line":161,"column":39059}},"51":{"start":{"line":161,"column":89},"end":{"line":161,"column":39048}}},"fnMap":{"0":{"name":"(anonymous_0)","decl":{"start":{"line":8,"column":4},"end":{"line":8,"column":5}},"loc":{"start":{"line":8,"column":41},"end":{"line":21,"column":5}},"line":8},"1":{"name":"(anonymous_1)","decl":{"start":{"line":23,"column":4},"end":{"line":23,"column":5}},"loc":{"start":{"line":23,"column":44},"end":{"line":44,"column":5}},"line":23},"2":{"name":"(anonymous_2)","decl":{"start":{"line":46,"column":4},"end":{"line":46,"column":5}},"loc":{"start":{"line":46,"column":50},"end":{"line":73,"column":5}},"line":46},"3":{"name":"(anonymous_3)","decl":{"start":{"line":75,"column":4},"end":{"line":75,"column":5}},"loc":{"start":{"line":75,"column":45},"end":{"line":85,"column":5}},"line":75},"4":{"name":"(anonymous_4)","decl":{"start":{"line":87,"column":4},"end":{"line":87,"column":5}},"loc":{"start":{"line":87,"column":42},"end":{"line":116,"column":5}},"line":87},"5":{"name":"(anonymous_5)","decl":{"start":{"line":118,"column":4},"end":{"line":118,"column":5}},"loc":{"start":{"line":118,"column":41},"end":{"line":139,"column":5}},"line":118},"6":{"name":"(anonymous_6)","decl":{"start":{"line":141,"column":4},"end":{"line":141,"column":5}},"loc":{"start":{"line":141,"column":42},"end":{"line":153,"column":5}},"line":141},"7":{"name":"oo_cm","decl":{"start":{"line":161,"column":77},"end":{"line":161,"column":82}},"loc":{"start":{"line":161,"column":84},"end":{"line":161,"column":39060}},"line":161}},"branchMap":{"0":{"loc":{"start":{"line":95,"column":12},"end":{"line":97,"column":13}},"type":"if","locations":[{"start":{"line":95,"column":12},"end":{"line":97,"column":13}},{"start":{},"end":{}}],"line":95},"1":{"loc":{"start":{"line":124,"column":12},"end":{"line":126,"column":13}},"type":"if","locations":[{"start":{"line":124,"column":12},"end":{"line":126,"column":13}},{"start":{},"end":{}}],"line":124},"2":{"loc":{"start":{"line":161,"column":96},"end":{"line":161,"column":39047}},"type":"binary-expr","locations":[{"start":{"line":161,"column":96},"end":{"line":161,"column":133}},{"start":{"line":161,"column":137},"end":{"line":161,"column":39047}}],"line":161}},"s":{"0":2,"1":2,"2":2,"3":2,"4":5,"5":5,"6":5,"7":1,"8":4,"9":1,"10":1,"11":1,"12":0,"13":1,"14":1,"15":1,"16":1,"17":0,"18":1,"19":1,"20":1,"21":1,"22":0,"23":3,"24":3,"25":3,"26":3,"27":3,"28":3,"29":0,"30":3,"31":1,"32":1,"33":2,"34":2,"35":1,"36":1,"37":1,"38":1,"39":0,"40":1,"41":1,"42":0,"43":0,"44":0,"45":0,"46":0,"47":0,"48":0,"49":0,"50":7,"51":7},"f":{"0":5,"1":1,"2":1,"3":1,"4":3,"5":1,"6":0,"7":7},"b":{"0":[0,3],"1":[0,1],"2":[7,0]},"_coverageSchema":"1a1c01bbd47fc00a2c39e90264f33305004495a9","hash":"db2ba1a0d5b7809efe810c45c20b24014e2cb0e7"}
,"D:\\Faishal\\Hacktiv8\\P2\\Week 3\\Hari ke 1\\ip-AhmadFaishalHidayat\\server\\controllers\\UserController.js": {"path":"D:\\Faishal\\Hacktiv8\\P2\\Week 3\\Hari ke 1\\ip-AhmadFaishalHidayat\\server\\controllers\\UserController.js","statementMap":{"0":{"start":{"line":1,"column":17},"end":{"line":1,"column":37}},"1":{"start":{"line":2,"column":28},"end":{"line":2,"column":56}},"2":{"start":{"line":3,"column":22},"end":{"line":3,"column":47}},"3":{"start":{"line":4,"column":25},"end":{"line":4,"column":55}},"4":{"start":{"line":6,"column":15},"end":{"line":6,"column":33}},"5":{"start":{"line":8,"column":0},"end":{"line":104,"column":68}},"6":{"start":{"line":10,"column":8},"end":{"line":22,"column":9}},"7":{"start":{"line":11,"column":40},"end":{"line":11,"column":48}},"8":{"start":{"line":13,"column":32},"end":{"line":13,"column":91}},"9":{"start":{"line":15,"column":23},"end":{"line":15,"column":61}},"10":{"start":{"line":16,"column":32},"end":{"line":16,"column":86}},"11":{"start":{"line":17,"column":12},"end":{"line":19,"column":14}},"12":{"start":{"line":21,"column":12},"end":{"line":21,"column":23}},"13":{"start":{"line":26,"column":8},"end":{"line":60,"column":9}},"14":{"start":{"line":27,"column":40},"end":{"line":27,"column":48}},"15":{"start":{"line":29,"column":12},"end":{"line":31,"column":13}},"16":{"start":{"line":30,"column":16},"end":{"line":30,"column":46}},"17":{"start":{"line":32,"column":12},"end":{"line":34,"column":13}},"18":{"start":{"line":33,"column":16},"end":{"line":33,"column":46}},"19":{"start":{"line":36,"column":25},"end":{"line":40,"column":14}},"20":{"start":{"line":42,"column":12},"end":{"line":44,"column":13}},"21":{"start":{"line":43,"column":16},"end":{"line":43,"column":45}},"22":{"start":{"line":46,"column":36},"end":{"line":46,"column":76}},"23":{"start":{"line":47,"column":12},"end":{"line":49,"column":13}},"24":{"start":{"line":48,"column":16},"end":{"line":48,"column":45}},"25":{"start":{"line":51,"column":33},"end":{"line":51,"column":76}},"26":{"start":{"line":53,"column":12},"end":{"line":57,"column":14}},"27":{"start":{"line":59,"column":12},"end":{"line":59,"column":23}},"28":{"start":{"line":64,"column":8},"end":{"line":93,"column":9}},"29":{"start":{"line":66,"column":27},"end":{"line":72,"column":14}},"30":{"start":{"line":73,"column":28},"end":{"line":73,"column":47}},"31":{"start":{"line":74,"column":32},"end":{"line":74,"column":90}},"32":{"start":{"line":75,"column":36},"end":{"line":82,"column":16}},"33":{"start":{"line":85,"column":35},"end":{"line":85,"column":61}},"34":{"start":{"line":87,"column":14},"end":{"line":90,"column":16}},"35":{"start":{"line":92,"column":12},"end":{"line":92,"column":23}},"36":{"start":{"line":104,"column":85},"end":{"line":104,"column":39059}},"37":{"start":{"line":104,"column":89},"end":{"line":104,"column":39048}}},"fnMap":{"0":{"name":"(anonymous_0)","decl":{"start":{"line":9,"column":4},"end":{"line":9,"column":5}},"loc":{"start":{"line":9,"column":42},"end":{"line":23,"column":5}},"line":9},"1":{"name":"(anonymous_1)","decl":{"start":{"line":25,"column":4},"end":{"line":25,"column":5}},"loc":{"start":{"line":25,"column":39},"end":{"line":61,"column":5}},"line":25},"2":{"name":"(anonymous_2)","decl":{"start":{"line":63,"column":4},"end":{"line":63,"column":5}},"loc":{"start":{"line":63,"column":45},"end":{"line":94,"column":5}},"line":63},"3":{"name":"oo_cm","decl":{"start":{"line":104,"column":77},"end":{"line":104,"column":82}},"loc":{"start":{"line":104,"column":84},"end":{"line":104,"column":39060}},"line":104}},"branchMap":{"0":{"loc":{"start":{"line":29,"column":12},"end":{"line":31,"column":13}},"type":"if","locations":[{"start":{"line":29,"column":12},"end":{"line":31,"column":13}},{"start":{},"end":{}}],"line":29},"1":{"loc":{"start":{"line":32,"column":12},"end":{"line":34,"column":13}},"type":"if","locations":[{"start":{"line":32,"column":12},"end":{"line":34,"column":13}},{"start":{},"end":{}}],"line":32},"2":{"loc":{"start":{"line":42,"column":12},"end":{"line":44,"column":13}},"type":"if","locations":[{"start":{"line":42,"column":12},"end":{"line":44,"column":13}},{"start":{},"end":{}}],"line":42},"3":{"loc":{"start":{"line":47,"column":12},"end":{"line":49,"column":13}},"type":"if","locations":[{"start":{"line":47,"column":12},"end":{"line":49,"column":13}},{"start":{},"end":{}}],"line":47},"4":{"loc":{"start":{"line":87,"column":25},"end":{"line":87,"column":43}},"type":"cond-expr","locations":[{"start":{"line":87,"column":34},"end":{"line":87,"column":37}},{"start":{"line":87,"column":40},"end":{"line":87,"column":43}}],"line":87},"5":{"loc":{"start":{"line":104,"column":96},"end":{"line":104,"column":39047}},"type":"binary-expr","locations":[{"start":{"line":104,"column":96},"end":{"line":104,"column":133}},{"start":{"line":104,"column":137},"end":{"line":104,"column":39047}}],"line":104}},"s":{"0":2,"1":2,"2":2,"3":2,"4":2,"5":2,"6":7,"7":7,"8":7,"9":7,"10":1,"11":1,"12":6,"13":5,"14":5,"15":5,"16":1,"17":4,"18":1,"19":3,"20":3,"21":1,"22":2,"23":2,"24":1,"25":1,"26":1,"27":4,"28":0,"29":0,"30":0,"31":0,"32":0,"33":0,"34":0,"35":0,"36":8,"37":8},"f":{"0":7,"1":5,"2":0,"3":8},"b":{"0":[1,4],"1":[1,3],"2":[1,2],"3":[1,1],"4":[0,0],"5":[8,1]},"_coverageSchema":"1a1c01bbd47fc00a2c39e90264f33305004495a9","hash":"73dd98c102ccadf266d1704ae6cdc954b23f2a27"}
,"D:\\Faishal\\Hacktiv8\\P2\\Week 3\\Hari ke 1\\ip-AhmadFaishalHidayat\\server\\helpers\\bcrypt.js": {"path":"D:\\Faishal\\Hacktiv8\\P2\\Week 3\\Hari ke 1\\ip-AhmadFaishalHidayat\\server\\helpers\\bcrypt.js","statementMap":{"0":{"start":{"line":1,"column":32},"end":{"line":1,"column":51}},"1":{"start":{"line":5,"column":15},"end":{"line":5,"column":33}},"2":{"start":{"line":6,"column":4},"end":{"line":6,"column":15}},"3":{"start":{"line":10,"column":18},"end":{"line":10,"column":51}},"4":{"start":{"line":11,"column":4},"end":{"line":11,"column":18}},"5":{"start":{"line":14,"column":0},"end":{"line":14,"column":48}}},"fnMap":{"0":{"name":"hashPassword","decl":{"start":{"line":4,"column":9},"end":{"line":4,"column":21}},"loc":{"start":{"line":4,"column":32},"end":{"line":7,"column":1}},"line":4},"1":{"name":"comparePassword","decl":{"start":{"line":9,"column":9},"end":{"line":9,"column":24}},"loc":{"start":{"line":9,"column":47},"end":{"line":12,"column":1}},"line":9}},"branchMap":{},"s":{"0":2,"1":6,"2":6,"3":2,"4":2,"5":2},"f":{"0":6,"1":2},"b":{},"_coverageSchema":"1a1c01bbd47fc00a2c39e90264f33305004495a9","hash":"3ceb60f1e93c30b2b85ab5add7f56db910a95495"}
,"D:\\Faishal\\Hacktiv8\\P2\\Week 3\\Hari ke 1\\ip-AhmadFaishalHidayat\\server\\helpers\\jwt.js": {"path":"D:\\Faishal\\Hacktiv8\\P2\\Week 3\\Hari ke 1\\ip-AhmadFaishalHidayat\\server\\helpers\\jwt.js","statementMap":{"0":{"start":{"line":1,"column":23},"end":{"line":1,"column":46}},"1":{"start":{"line":3,"column":19},"end":{"line":3,"column":41}},"2":{"start":{"line":6,"column":0},"end":{"line":9,"column":3}},"3":{"start":{"line":7,"column":28},"end":{"line":7,"column":53}},"4":{"start":{"line":8,"column":27},"end":{"line":8,"column":52}}},"fnMap":{"0":{"name":"(anonymous_0)","decl":{"start":{"line":7,"column":15},"end":{"line":7,"column":16}},"loc":{"start":{"line":7,"column":28},"end":{"line":7,"column":53}},"line":7},"1":{"name":"(anonymous_1)","decl":{"start":{"line":8,"column":16},"end":{"line":8,"column":17}},"loc":{"start":{"line":8,"column":27},"end":{"line":8,"column":52}},"line":8}},"branchMap":{},"s":{"0":2,"1":2,"2":2,"3":5,"4":16},"f":{"0":5,"1":16},"b":{},"_coverageSchema":"1a1c01bbd47fc00a2c39e90264f33305004495a9","hash":"648894b766e0d3a6e268b1a9caad1a137a43493e"}
,"D:\\Faishal\\Hacktiv8\\P2\\Week 3\\Hari ke 1\\ip-AhmadFaishalHidayat\\server\\helpers\\openai.js": {"path":"D:\\Faishal\\Hacktiv8\\P2\\Week 3\\Hari ke 1\\ip-AhmadFaishalHidayat\\server\\helpers\\openai.js","statementMap":{"0":{"start":{"line":1,"column":19},"end":{"line":1,"column":36}},"1":{"start":{"line":2,"column":0},"end":{"line":2,"column":27}},"2":{"start":{"line":4,"column":0},"end":{"line":31,"column":68}},"3":{"start":{"line":5,"column":19},"end":{"line":10,"column":6}},"4":{"start":{"line":11,"column":23},"end":{"line":19,"column":6}},"5":{"start":{"line":20,"column":24},"end":{"line":20,"column":110}},"6":{"start":{"line":21,"column":4},"end":{"line":21,"column":48}},"7":{"start":{"line":31,"column":85},"end":{"line":31,"column":39059}},"8":{"start":{"line":31,"column":89},"end":{"line":31,"column":39048}}},"fnMap":{"0":{"name":"openAI","decl":{"start":{"line":4,"column":32},"end":{"line":4,"column":38}},"loc":{"start":{"line":4,"column":47},"end":{"line":22,"column":1}},"line":4},"1":{"name":"oo_cm","decl":{"start":{"line":31,"column":77},"end":{"line":31,"column":82}},"loc":{"start":{"line":31,"column":84},"end":{"line":31,"column":39060}},"line":31}},"branchMap":{"0":{"loc":{"start":{"line":31,"column":96},"end":{"line":31,"column":39047}},"type":"binary-expr","locations":[{"start":{"line":31,"column":96},"end":{"line":31,"column":133}},{"start":{"line":31,"column":137},"end":{"line":31,"column":39047}}],"line":31}},"s":{"0":2,"1":2,"2":2,"3":0,"4":0,"5":0,"6":0,"7":0,"8":0},"f":{"0":0,"1":0},"b":{"0":[0,0]},"_coverageSchema":"1a1c01bbd47fc00a2c39e90264f33305004495a9","hash":"e84da00bdce81b8612ba67a432d7aa722b594c6a"}
,"D:\\Faishal\\Hacktiv8\\P2\\Week 3\\Hari ke 1\\ip-AhmadFaishalHidayat\\server\\middleware\\authentication.js": {"path":"D:\\Faishal\\Hacktiv8\\P2\\Week 3\\Hari ke 1\\ip-AhmadFaishalHidayat\\server\\middleware\\authentication.js","statementMap":{"0":{"start":{"line":1,"column":23},"end":{"line":1,"column":48}},"1":{"start":{"line":2,"column":17},"end":{"line":2,"column":37}},"2":{"start":{"line":5,"column":0},"end":{"line":43,"column":68}},"3":{"start":{"line":7,"column":23},"end":{"line":7,"column":48}},"4":{"start":{"line":8,"column":24},"end":{"line":8,"column":102}},"5":{"start":{"line":11,"column":4},"end":{"line":35,"column":5}},"6":{"start":{"line":12,"column":8},"end":{"line":14,"column":9}},"7":{"start":{"line":13,"column":12},"end":{"line":13,"column":43}},"8":{"start":{"line":15,"column":30},"end":{"line":15,"column":53}},"9":{"start":{"line":17,"column":8},"end":{"line":19,"column":9}},"10":{"start":{"line":18,"column":12},"end":{"line":18,"column":43}},"11":{"start":{"line":20,"column":22},"end":{"line":20,"column":39}},"12":{"start":{"line":21,"column":28},"end":{"line":21,"column":85}},"13":{"start":{"line":22,"column":19},"end":{"line":22,"column":50}},"14":{"start":{"line":23,"column":8},"end":{"line":25,"column":9}},"15":{"start":{"line":24,"column":12},"end":{"line":24,"column":43}},"16":{"start":{"line":26,"column":8},"end":{"line":29,"column":10}},"17":{"start":{"line":31,"column":8},"end":{"line":31,"column":14}},"18":{"start":{"line":34,"column":8},"end":{"line":34,"column":19}},"19":{"start":{"line":43,"column":85},"end":{"line":43,"column":39059}},"20":{"start":{"line":43,"column":89},"end":{"line":43,"column":39048}}},"fnMap":{"0":{"name":"authentication","decl":{"start":{"line":5,"column":32},"end":{"line":5,"column":46}},"loc":{"start":{"line":5,"column":63},"end":{"line":36,"column":1}},"line":5},"1":{"name":"oo_cm","decl":{"start":{"line":43,"column":77},"end":{"line":43,"column":82}},"loc":{"start":{"line":43,"column":84},"end":{"line":43,"column":39060}},"line":43}},"branchMap":{"0":{"loc":{"start":{"line":12,"column":8},"end":{"line":14,"column":9}},"type":"if","locations":[{"start":{"line":12,"column":8},"end":{"line":14,"column":9}},{"start":{},"end":{}}],"line":12},"1":{"loc":{"start":{"line":17,"column":8},"end":{"line":19,"column":9}},"type":"if","locations":[{"start":{"line":17,"column":8},"end":{"line":19,"column":9}},{"start":{},"end":{}}],"line":17},"2":{"loc":{"start":{"line":23,"column":8},"end":{"line":25,"column":9}},"type":"if","locations":[{"start":{"line":23,"column":8},"end":{"line":25,"column":9}},{"start":{},"end":{}}],"line":23},"3":{"loc":{"start":{"line":43,"column":96},"end":{"line":43,"column":39047}},"type":"binary-expr","locations":[{"start":{"line":43,"column":96},"end":{"line":43,"column":133}},{"start":{"line":43,"column":137},"end":{"line":43,"column":39047}}],"line":43}},"s":{"0":2,"1":2,"2":2,"3":18,"4":18,"5":18,"6":18,"7":2,"8":16,"9":16,"10":0,"11":16,"12":16,"13":16,"14":16,"15":0,"16":16,"17":16,"18":2,"19":34,"20":34},"f":{"0":18,"1":34},"b":{"0":[2,16],"1":[0,16],"2":[0,16],"3":[34,0]},"_coverageSchema":"1a1c01bbd47fc00a2c39e90264f33305004495a9","hash":"22f8b56276be018b6bd11349dff371eb512abfd2"}
,"D:\\Faishal\\Hacktiv8\\P2\\Week 3\\Hari ke 1\\ip-AhmadFaishalHidayat\\server\\middleware\\authorization.js": {"path":"D:\\Faishal\\Hacktiv8\\P2\\Week 3\\Hari ke 1\\ip-AhmadFaishalHidayat\\server\\middleware\\authorization.js","statementMap":{"0":{"start":{"line":1,"column":17},"end":{"line":1,"column":37}},"1":{"start":{"line":3,"column":0},"end":{"line":25,"column":2}},"2":{"start":{"line":4,"column":4},"end":{"line":24,"column":5}},"3":{"start":{"line":6,"column":28},"end":{"line":6,"column":113}},"4":{"start":{"line":7,"column":28},"end":{"line":7,"column":84}},"5":{"start":{"line":9,"column":19},"end":{"line":9,"column":53}},"6":{"start":{"line":10,"column":28},"end":{"line":10,"column":82}},"7":{"start":{"line":12,"column":8},"end":{"line":14,"column":9}},"8":{"start":{"line":13,"column":12},"end":{"line":13,"column":38}},"9":{"start":{"line":16,"column":8},"end":{"line":18,"column":9}},"10":{"start":{"line":17,"column":12},"end":{"line":17,"column":40}},"11":{"start":{"line":20,"column":8},"end":{"line":20,"column":15}},"12":{"start":{"line":22,"column":28},"end":{"line":22,"column":83}},"13":{"start":{"line":23,"column":8},"end":{"line":23,"column":19}},"14":{"start":{"line":32,"column":85},"end":{"line":32,"column":39059}},"15":{"start":{"line":32,"column":89},"end":{"line":32,"column":39048}}},"fnMap":{"0":{"name":"authorization","decl":{"start":{"line":3,"column":32},"end":{"line":3,"column":45}},"loc":{"start":{"line":3,"column":62},"end":{"line":25,"column":1}},"line":3},"1":{"name":"oo_cm","decl":{"start":{"line":32,"column":77},"end":{"line":32,"column":82}},"loc":{"start":{"line":32,"column":84},"end":{"line":32,"column":39060}},"line":32}},"branchMap":{"0":{"loc":{"start":{"line":12,"column":8},"end":{"line":14,"column":9}},"type":"if","locations":[{"start":{"line":12,"column":8},"end":{"line":14,"column":9}},{"start":{},"end":{}}],"line":12},"1":{"loc":{"start":{"line":16,"column":8},"end":{"line":18,"column":9}},"type":"if","locations":[{"start":{"line":16,"column":8},"end":{"line":18,"column":9}},{"start":{},"end":{}}],"line":16},"2":{"loc":{"start":{"line":32,"column":96},"end":{"line":32,"column":39047}},"type":"binary-expr","locations":[{"start":{"line":32,"column":96},"end":{"line":32,"column":133}},{"start":{"line":32,"column":137},"end":{"line":32,"column":39047}}],"line":32}},"s":{"0":2,"1":2,"2":8,"3":8,"4":8,"5":8,"6":8,"7":8,"8":2,"9":6,"10":2,"11":4,"12":4,"13":4,"14":28,"15":28},"f":{"0":8,"1":28},"b":{"0":[2,6],"1":[2,4],"2":[28,0]},"_coverageSchema":"1a1c01bbd47fc00a2c39e90264f33305004495a9","hash":"b5ecfe0f2d03e32e26f85994e2ed466d40337fc1"}
,"D:\\Faishal\\Hacktiv8\\P2\\Week 3\\Hari ke 1\\ip-AhmadFaishalHidayat\\server\\middleware\\handleError.js": {"path":"D:\\Faishal\\Hacktiv8\\P2\\Week 3\\Hari ke 1\\ip-AhmadFaishalHidayat\\server\\middleware\\handleError.js","statementMap":{"0":{"start":{"line":1,"column":0},"end":{"line":35,"column":4}},"1":{"start":{"line":2,"column":17},"end":{"line":2,"column":36}},"2":{"start":{"line":3,"column":18},"end":{"line":3,"column":58}},"3":{"start":{"line":4,"column":4},"end":{"line":31,"column":5}},"4":{"start":{"line":6,"column":8},"end":{"line":6,"column":21}},"5":{"start":{"line":7,"column":8},"end":{"line":7,"column":50}},"6":{"start":{"line":8,"column":8},"end":{"line":8,"column":14}},"7":{"start":{"line":11,"column":8},"end":{"line":11,"column":21}},"8":{"start":{"line":12,"column":8},"end":{"line":12,"column":42}},"9":{"start":{"line":13,"column":8},"end":{"line":13,"column":14}},"10":{"start":{"line":15,"column":8},"end":{"line":15,"column":21}},"11":{"start":{"line":16,"column":8},"end":{"line":16,"column":46}},"12":{"start":{"line":17,"column":8},"end":{"line":17,"column":14}},"13":{"start":{"line":20,"column":8},"end":{"line":20,"column":21}},"14":{"start":{"line":21,"column":8},"end":{"line":21,"column":36}},"15":{"start":{"line":22,"column":8},"end":{"line":22,"column":14}},"16":{"start":{"line":24,"column":8},"end":{"line":24,"column":21}},"17":{"start":{"line":25,"column":8},"end":{"line":25,"column":43}},"18":{"start":{"line":26,"column":8},"end":{"line":26,"column":14}},"19":{"start":{"line":28,"column":8},"end":{"line":28,"column":21}},"20":{"start":{"line":29,"column":8},"end":{"line":29,"column":35}},"21":{"start":{"line":30,"column":8},"end":{"line":30,"column":14}},"22":{"start":{"line":32,"column":4},"end":{"line":34,"column":7}}},"fnMap":{"0":{"name":"errorHandler","decl":{"start":{"line":1,"column":26},"end":{"line":1,"column":38}},"loc":{"start":{"line":1,"column":71},"end":{"line":35,"column":3}},"line":1}},"branchMap":{"0":{"loc":{"start":{"line":2,"column":17},"end":{"line":2,"column":36}},"type":"binary-expr","locations":[{"start":{"line":2,"column":17},"end":{"line":2,"column":29}},{"start":{"line":2,"column":33},"end":{"line":2,"column":36}}],"line":2},"1":{"loc":{"start":{"line":3,"column":18},"end":{"line":3,"column":58}},"type":"binary-expr","locations":[{"start":{"line":3,"column":18},"end":{"line":3,"column":31}},{"start":{"line":3,"column":35},"end":{"line":3,"column":58}}],"line":3},"2":{"loc":{"start":{"line":4,"column":4},"end":{"line":31,"column":5}},"type":"switch","locations":[{"start":{"line":5,"column":6},"end":{"line":8,"column":14}},{"start":{"line":9,"column":6},"end":{"line":9,"column":44}},{"start":{"line":10,"column":6},"end":{"line":13,"column":14}},{"start":{"line":14,"column":6},"end":{"line":17,"column":14}},{"start":{"line":18,"column":6},"end":{"line":18,"column":27}},{"start":{"line":19,"column":6},"end":{"line":22,"column":14}},{"start":{"line":23,"column":6},"end":{"line":26,"column":14}},{"start":{"line":27,"column":6},"end":{"line":30,"column":14}}],"line":4}},"s":{"0":2,"1":22,"2":22,"3":22,"4":2,"5":2,"6":2,"7":12,"8":12,"9":12,"10":2,"11":2,"12":2,"13":2,"14":2,"15":2,"16":2,"17":2,"18":2,"19":2,"20":2,"21":2,"22":22},"f":{"0":22},"b":{"0":[22,22],"1":[22,10],"2":[2,1,12,2,2,2,2,2]},"_coverageSchema":"1a1c01bbd47fc00a2c39e90264f33305004495a9","hash":"c78802275cba040b86ac010d413a9170842d996d"}
,"D:\\Faishal\\Hacktiv8\\P2\\Week 3\\Hari ke 1\\ip-AhmadFaishalHidayat\\server\\models\\index.js": {"path":"D:\\Faishal\\Hacktiv8\\P2\\Week 3\\Hari ke 1\\ip-AhmadFaishalHidayat\\server\\models\\index.js","statementMap":{"0":{"start":{"line":3,"column":11},"end":{"line":3,"column":24}},"1":{"start":{"line":4,"column":13},"end":{"line":4,"column":28}},"2":{"start":{"line":5,"column":18},"end":{"line":5,"column":38}},"3":{"start":{"line":6,"column":16},"end":{"line":6,"column":34}},"4":{"start":{"line":7,"column":17},"end":{"line":7,"column":42}},"5":{"start":{"line":8,"column":12},"end":{"line":8,"column":49}},"6":{"start":{"line":9,"column":15},"end":{"line":9,"column":65}},"7":{"start":{"line":10,"column":11},"end":{"line":10,"column":13}},"8":{"start":{"line":13,"column":0},"end":{"line":17,"column":1}},"9":{"start":{"line":14,"column":2},"end":{"line":14,"column":74}},"10":{"start":{"line":16,"column":2},"end":{"line":16,"column":87}},"11":{"start":{"line":19,"column":0},"end":{"line":32,"column":5}},"12":{"start":{"line":22,"column":4},"end":{"line":27,"column":6}},"13":{"start":{"line":30,"column":18},"end":{"line":30,"column":85}},"14":{"start":{"line":31,"column":4},"end":{"line":31,"column":27}},"15":{"start":{"line":34,"column":0},"end":{"line":38,"column":3}},"16":{"start":{"line":35,"column":2},"end":{"line":37,"column":3}},"17":{"start":{"line":36,"column":4},"end":{"line":36,"column":32}},"18":{"start":{"line":40,"column":0},"end":{"line":40,"column":25}},"19":{"start":{"line":41,"column":0},"end":{"line":41,"column":25}},"20":{"start":{"line":43,"column":0},"end":{"line":43,"column":20}}},"fnMap":{"0":{"name":"(anonymous_0)","decl":{"start":{"line":21,"column":10},"end":{"line":21,"column":11}},"loc":{"start":{"line":21,"column":18},"end":{"line":28,"column":3}},"line":21},"1":{"name":"(anonymous_1)","decl":{"start":{"line":29,"column":11},"end":{"line":29,"column":12}},"loc":{"start":{"line":29,"column":19},"end":{"line":32,"column":3}},"line":29},"2":{"name":"(anonymous_2)","decl":{"start":{"line":34,"column":24},"end":{"line":34,"column":25}},"loc":{"start":{"line":34,"column":37},"end":{"line":38,"column":1}},"line":34}},"branchMap":{"0":{"loc":{"start":{"line":8,"column":12},"end":{"line":8,"column":49}},"type":"binary-expr","locations":[{"start":{"line":8,"column":12},"end":{"line":8,"column":32}},{"start":{"line":8,"column":36},"end":{"line":8,"column":49}}],"line":8},"1":{"loc":{"start":{"line":13,"column":0},"end":{"line":17,"column":1}},"type":"if","locations":[{"start":{"line":13,"column":0},"end":{"line":17,"column":1}},{"start":{"line":15,"column":7},"end":{"line":17,"column":1}}],"line":13},"2":{"loc":{"start":{"line":23,"column":6},"end":{"line":26,"column":37}},"type":"binary-expr","locations":[{"start":{"line":23,"column":6},"end":{"line":23,"column":29}},{"start":{"line":24,"column":6},"end":{"line":24,"column":23}},{"start":{"line":25,"column":6},"end":{"line":25,"column":30}},{"start":{"line":26,"column":6},"end":{"line":26,"column":37}}],"line":23},"3":{"loc":{"start":{"line":35,"column":2},"end":{"line":37,"column":3}},"type":"if","locations":[{"start":{"line":35,"column":2},"end":{"line":37,"column":3}},{"start":{},"end":{}}],"line":35}},"s":{"0":2,"1":2,"2":2,"3":2,"4":2,"5":2,"6":2,"7":2,"8":2,"9":0,"10":2,"11":2,"12":6,"13":4,"14":4,"15":2,"16":4,"17":4,"18":2,"19":2,"20":2},"f":{"0":6,"1":4,"2":4},"b":{"0":[2,0],"1":[0,2],"2":[6,6,4,4],"3":[4,0]},"_coverageSchema":"1a1c01bbd47fc00a2c39e90264f33305004495a9","hash":"e49f2997a909f26e1d7b31cf414048e944366e61"}
,"D:\\Faishal\\Hacktiv8\\P2\\Week 3\\Hari ke 1\\ip-AhmadFaishalHidayat\\server\\models\\news.js": {"path":"D:\\Faishal\\Hacktiv8\\P2\\Week 3\\Hari ke 1\\ip-AhmadFaishalHidayat\\server\\models\\news.js","statementMap":{"0":{"start":{"line":4,"column":4},"end":{"line":4,"column":24}},"1":{"start":{"line":5,"column":0},"end":{"line":59,"column":2}},"2":{"start":{"line":14,"column":6},"end":{"line":14,"column":60}},"3":{"start":{"line":17,"column":2},"end":{"line":57,"column":5}},"4":{"start":{"line":58,"column":2},"end":{"line":58,"column":14}}},"fnMap":{"0":{"name":"(anonymous_0)","decl":{"start":{"line":5,"column":17},"end":{"line":5,"column":18}},"loc":{"start":{"line":5,"column":43},"end":{"line":59,"column":1}},"line":5},"1":{"name":"(anonymous_1)","decl":{"start":{"line":12,"column":4},"end":{"line":12,"column":5}},"loc":{"start":{"line":12,"column":29},"end":{"line":15,"column":5}},"line":12}},"branchMap":{},"s":{"0":2,"1":2,"2":2,"3":2,"4":2},"f":{"0":2,"1":2},"b":{},"_coverageSchema":"1a1c01bbd47fc00a2c39e90264f33305004495a9","hash":"12911b0c6112140b81fe005a8aff8927b8b0b835"}
,"D:\\Faishal\\Hacktiv8\\P2\\Week 3\\Hari ke 1\\ip-AhmadFaishalHidayat\\server\\models\\user.js": {"path":"D:\\Faishal\\Hacktiv8\\P2\\Week 3\\Hari ke 1\\ip-AhmadFaishalHidayat\\server\\models\\user.js","statementMap":{"0":{"start":{"line":4,"column":4},"end":{"line":4,"column":24}},"1":{"start":{"line":5,"column":23},"end":{"line":5,"column":51}},"2":{"start":{"line":6,"column":0},"end":{"line":61,"column":2}},"3":{"start":{"line":15,"column":6},"end":{"line":15,"column":58}},"4":{"start":{"line":18,"column":2},"end":{"line":59,"column":5}},"5":{"start":{"line":54,"column":8},"end":{"line":54,"column":59}},"6":{"start":{"line":60,"column":2},"end":{"line":60,"column":14}}},"fnMap":{"0":{"name":"(anonymous_0)","decl":{"start":{"line":6,"column":17},"end":{"line":6,"column":18}},"loc":{"start":{"line":6,"column":43},"end":{"line":61,"column":1}},"line":6},"1":{"name":"(anonymous_1)","decl":{"start":{"line":13,"column":4},"end":{"line":13,"column":5}},"loc":{"start":{"line":13,"column":29},"end":{"line":16,"column":5}},"line":13},"2":{"name":"(anonymous_2)","decl":{"start":{"line":53,"column":6},"end":{"line":53,"column":7}},"loc":{"start":{"line":53,"column":36},"end":{"line":55,"column":7}},"line":53}},"branchMap":{},"s":{"0":2,"1":2,"2":2,"3":2,"4":2,"5":6,"6":2},"f":{"0":2,"1":2,"2":6},"b":{},"_coverageSchema":"1a1c01bbd47fc00a2c39e90264f33305004495a9","hash":"7599be087fcae0b016e0aa964af2926ea3e5d5f0"}
,"D:\\Faishal\\Hacktiv8\\P2\\Week 3\\Hari ke 1\\ip-AhmadFaishalHidayat\\server\\router\\index.js": {"path":"D:\\Faishal\\Hacktiv8\\P2\\Week 3\\Hari ke 1\\ip-AhmadFaishalHidayat\\server\\router\\index.js","statementMap":{"0":{"start":{"line":1,"column":16},"end":{"line":1,"column":34}},"1":{"start":{"line":2,"column":23},"end":{"line":2,"column":63}},"2":{"start":{"line":3,"column":19},"end":{"line":3,"column":55}},"3":{"start":{"line":4,"column":23},"end":{"line":4,"column":62}},"4":{"start":{"line":5,"column":22},"end":{"line":5,"column":60}},"5":{"start":{"line":6,"column":15},"end":{"line":6,"column":43}},"6":{"start":{"line":7,"column":15},"end":{"line":7,"column":31}},"7":{"start":{"line":15,"column":0},"end":{"line":15,"column":43}},"8":{"start":{"line":16,"column":0},"end":{"line":16,"column":56}},"9":{"start":{"line":19,"column":0},"end":{"line":19,"column":49}},"10":{"start":{"line":24,"column":0},"end":{"line":24,"column":46}},"11":{"start":{"line":26,"column":0},"end":{"line":26,"column":26}},"12":{"start":{"line":27,"column":0},"end":{"line":27,"column":42}},"13":{"start":{"line":28,"column":0},"end":{"line":28,"column":55}},"14":{"start":{"line":29,"column":0},"end":{"line":29,"column":44}},"15":{"start":{"line":30,"column":0},"end":{"line":30,"column":64}},"16":{"start":{"line":31,"column":0},"end":{"line":31,"column":68}},"17":{"start":{"line":34,"column":0},"end":{"line":34,"column":47}},"18":{"start":{"line":36,"column":0},"end":{"line":36,"column":23}}},"fnMap":{},"branchMap":{},"s":{"0":2,"1":2,"2":2,"3":2,"4":2,"5":2,"6":2,"7":2,"8":2,"9":2,"10":2,"11":2,"12":2,"13":2,"14":2,"15":2,"16":2,"17":2,"18":2},"f":{},"b":{},"_coverageSchema":"1a1c01bbd47fc00a2c39e90264f33305004495a9","hash":"af2518c78620589d8c4f181632537955bf041558"}
}
