TN:
SF:app.js
FNF:0
FNH:0
DA:1,2
DA:2,2
DA:4,2
DA:5,2
DA:6,2
DA:7,2
DA:9,2
DA:10,2
DA:11,2
DA:13,2
DA:14,2
DA:16,2
LF:12
LH:12
BRDA:1,0,0,2
BRDA:1,0,1,0
BRF:2
BRH:1
end_of_record
TN:
SF:controllers\Controller.js
FN:8,(anonymous_0)
FN:23,(anonymous_1)
FN:46,(anonymous_2)
FN:75,(anonymous_3)
FN:87,(anonymous_4)
FN:118,(anonymous_5)
FN:141,(anonymous_6)
FN:161,oo_cm
FNF:8
FNH:7
FNDA:5,(anonymous_0)
FNDA:1,(anonymous_1)
FNDA:1,(anonymous_2)
FNDA:1,(anonymous_3)
FNDA:3,(anonymous_4)
FNDA:1,(anonymous_5)
FNDA:0,(anonymous_6)
FNDA:7,oo_cm
DA:2,2
DA:3,2
DA:4,2
DA:6,2
DA:9,5
DA:10,5
DA:12,5
DA:14,1
DA:19,4
DA:24,1
DA:25,1
DA:37,1
DA:42,0
DA:47,1
DA:48,1
DA:49,1
DA:66,1
DA:71,0
DA:76,1
DA:77,1
DA:79,1
DA:81,1
DA:83,0
DA:88,3
DA:90,3
DA:91,3
DA:93,3
DA:94,3
DA:95,3
DA:96,0
DA:99,3
DA:108,1
DA:109,1
DA:113,2
DA:114,2
DA:119,1
DA:120,1
DA:122,1
DA:124,1
DA:125,0
DA:128,1
DA:133,1
DA:137,0
DA:142,0
DA:143,0
DA:146,0
DA:147,0
DA:148,0
DA:150,0
DA:151,0
DA:161,7
LF:51
LH:38
BRDA:95,0,0,0
BRDA:95,0,1,3
BRDA:124,1,0,0
BRDA:124,1,1,1
BRDA:161,2,0,7
BRDA:161,2,1,0
BRF:6
BRH:3
end_of_record
TN:
SF:controllers\UserController.js
FN:9,(anonymous_0)
FN:25,(anonymous_1)
FN:63,(anonymous_2)
FN:104,oo_cm
FNF:4
FNH:3
FNDA:7,(anonymous_0)
FNDA:5,(anonymous_1)
FNDA:0,(anonymous_2)
FNDA:8,oo_cm
DA:1,2
DA:2,2
DA:3,2
DA:4,2
DA:6,2
DA:8,2
DA:10,7
DA:11,7
DA:13,7
DA:15,7
DA:16,1
DA:17,1
DA:21,6
DA:26,5
DA:27,5
DA:29,5
DA:30,1
DA:32,4
DA:33,1
DA:36,3
DA:42,3
DA:43,1
DA:46,2
DA:47,2
DA:48,1
DA:51,1
DA:53,1
DA:59,4
DA:64,0
DA:66,0
DA:73,0
DA:74,0
DA:75,0
DA:85,0
DA:87,0
DA:92,0
DA:104,8
LF:37
LH:29
BRDA:29,0,0,1
BRDA:29,0,1,4
BRDA:32,1,0,1
BRDA:32,1,1,3
BRDA:42,2,0,1
BRDA:42,2,1,2
BRDA:47,3,0,1
BRDA:47,3,1,1
BRDA:87,4,0,0
BRDA:87,4,1,0
BRDA:104,5,0,8
BRDA:104,5,1,1
BRF:12
BRH:10
end_of_record
TN:
SF:helpers\bcrypt.js
FN:4,hashPassword
FN:9,comparePassword
FNF:2
FNH:2
FNDA:6,hashPassword
FNDA:2,comparePassword
DA:1,2
DA:5,6
DA:6,6
DA:10,2
DA:11,2
DA:14,2
LF:6
LH:6
BRF:0
BRH:0
end_of_record
TN:
SF:helpers\jwt.js
FN:7,(anonymous_0)
FN:8,(anonymous_1)
FNF:2
FNH:2
FNDA:5,(anonymous_0)
FNDA:16,(anonymous_1)
DA:1,2
DA:3,2
DA:6,2
DA:7,5
DA:8,16
LF:5
LH:5
BRF:0
BRH:0
end_of_record
TN:
SF:helpers\openai.js
FN:4,openAI
FN:31,oo_cm
FNF:2
FNH:0
FNDA:0,openAI
FNDA:0,oo_cm
DA:1,2
DA:2,2
DA:4,2
DA:5,0
DA:11,0
DA:20,0
DA:21,0
DA:31,0
LF:8
LH:3
BRDA:31,0,0,0
BRDA:31,0,1,0
BRF:2
BRH:0
end_of_record
TN:
SF:middleware\authentication.js
FN:5,authentication
FN:43,oo_cm
FNF:2
FNH:2
FNDA:18,authentication
FNDA:34,oo_cm
DA:1,2
DA:2,2
DA:5,2
DA:7,18
DA:8,18
DA:11,18
DA:12,18
DA:13,2
DA:15,16
DA:17,16
DA:18,0
DA:20,16
DA:21,16
DA:22,16
DA:23,16
DA:24,0
DA:26,16
DA:31,16
DA:34,2
DA:43,34
LF:20
LH:18
BRDA:12,0,0,2
BRDA:12,0,1,16
BRDA:17,1,0,0
BRDA:17,1,1,16
BRDA:23,2,0,0
BRDA:23,2,1,16
BRDA:43,3,0,34
BRDA:43,3,1,0
BRF:8
BRH:5
end_of_record
TN:
SF:middleware\authorization.js
FN:3,authorization
FN:32,oo_cm
FNF:2
FNH:2
FNDA:8,authorization
FNDA:28,oo_cm
DA:1,2
DA:3,2
DA:4,8
DA:6,8
DA:7,8
DA:9,8
DA:10,8
DA:12,8
DA:13,2
DA:16,6
DA:17,2
DA:20,4
DA:22,4
DA:23,4
DA:32,28
LF:15
LH:15
BRDA:12,0,0,2
BRDA:12,0,1,6
BRDA:16,1,0,2
BRDA:16,1,1,4
BRDA:32,2,0,28
BRDA:32,2,1,0
BRF:6
BRH:5
end_of_record
TN:
SF:middleware\handleError.js
FN:1,errorHandler
FNF:1
FNH:1
FNDA:22,errorHandler
DA:1,2
DA:2,22
DA:3,22
DA:4,22
DA:6,2
DA:7,2
DA:8,2
DA:11,12
DA:12,12
DA:13,12
DA:15,2
DA:16,2
DA:17,2
DA:20,2
DA:21,2
DA:22,2
DA:24,2
DA:25,2
DA:26,2
DA:28,2
DA:29,2
DA:30,2
DA:32,22
LF:23
LH:23
BRDA:2,0,0,22
BRDA:2,0,1,22
BRDA:3,1,0,22
BRDA:3,1,1,10
BRDA:4,2,0,2
BRDA:4,2,1,1
BRDA:4,2,2,12
BRDA:4,2,3,2
BRDA:4,2,4,2
BRDA:4,2,5,2
BRDA:4,2,6,2
BRDA:4,2,7,2
BRF:12
BRH:12
end_of_record
TN:
SF:models\index.js
FN:21,(anonymous_0)
FN:29,(anonymous_1)
FN:34,(anonymous_2)
FNF:3
FNH:3
FNDA:6,(anonymous_0)
FNDA:4,(anonymous_1)
FNDA:4,(anonymous_2)
DA:3,2
DA:4,2
DA:5,2
DA:6,2
DA:7,2
DA:8,2
DA:9,2
DA:10,2
DA:13,2
DA:14,0
DA:16,2
DA:19,2
DA:22,6
DA:30,4
DA:31,4
DA:34,2
DA:35,4
DA:36,4
DA:40,2
DA:41,2
DA:43,2
LF:21
LH:20
BRDA:8,0,0,2
BRDA:8,0,1,0
BRDA:13,1,0,0
BRDA:13,1,1,2
BRDA:23,2,0,6
BRDA:23,2,1,6
BRDA:23,2,2,4
BRDA:23,2,3,4
BRDA:35,3,0,4
BRDA:35,3,1,0
BRF:10
BRH:7
end_of_record
TN:
SF:models\news.js
FN:5,(anonymous_0)
FN:12,(anonymous_1)
FNF:2
FNH:2
FNDA:2,(anonymous_0)
FNDA:2,(anonymous_1)
DA:4,2
DA:5,2
DA:14,2
DA:17,2
DA:58,2
LF:5
LH:5
BRF:0
BRH:0
end_of_record
TN:
SF:models\user.js
FN:6,(anonymous_0)
FN:13,(anonymous_1)
FN:53,(anonymous_2)
FNF:3
FNH:3
FNDA:2,(anonymous_0)
FNDA:2,(anonymous_1)
FNDA:6,(anonymous_2)
DA:4,2
DA:5,2
DA:6,2
DA:15,2
DA:18,2
DA:54,6
DA:60,2
LF:7
LH:7
BRF:0
BRH:0
end_of_record
TN:
SF:router\index.js
FNF:0
FNH:0
DA:1,2
DA:2,2
DA:3,2
DA:4,2
DA:5,2
DA:6,2
DA:7,2
DA:15,2
DA:16,2
DA:19,2
DA:24,2
DA:26,2
DA:27,2
DA:28,2
DA:29,2
DA:30,2
DA:31,2
DA:34,2
DA:36,2
LF:19
LH:19
BRF:0
BRH:0
end_of_record
